C:\USERS\ADMINISTRATOR\DOCUMENTS\VISUAL STUDIO 2012\PROJECTS\SIMKB\SIMKB\DEBUG\SERVICEMAIN.OBJ
C:\USERS\ADMINISTRATOR\DOCUMENTS\VISUAL STUDIO 2012\PROJECTS\SIMKB\SIMKB\DEBUG\SIMUKEYB.OBJ
C:\USERS\ADMINISTRATOR\DOCUMENTS\VISUAL STUDIO 2012\PROJECTS\SIMKB\SIMKB\DEBUG\VC110.PDB
C:\USERS\ADMINISTRATOR\DOCUMENTS\VISUAL STUDIO 2012\PROJECTS\SIMKB\DEBUG\SIMKB.ILK
C:\USERS\ADMINISTRATOR\DOCUMENTS\VISUAL STUDIO 2012\PROJECTS\SIMKB\DEBUG\SIMKB.EXE
C:\USERS\ADMINISTRATOR\DOCUMENTS\VISUAL STUDIO 2012\PROJECTS\SIMKB\DEBUG\SIMKB.PDB
C:\USERS\ADMINISTRATOR\DOCUMENTS\VISUAL STUDIO 2012\PROJECTS\SIMKB\SIMKB\DEBUG\RESOURCE.RES
c:\Users\administrator\documents\visual studio 2012\Projects\SIMKB\SIMKB\Debug\ServiceMain.obj
c:\Users\administrator\documents\visual studio 2012\Projects\SIMKB\SIMKB\Debug\SimuKeyb.obj
c:\Users\administrator\documents\visual studio 2012\Projects\SIMKB\SIMKB\Debug\cl.command.1.tlog
c:\Users\administrator\documents\visual studio 2012\Projects\SIMKB\SIMKB\Debug\CL.read.1.tlog
c:\Users\administrator\documents\visual studio 2012\Projects\SIMKB\SIMKB\Debug\CL.write.1.tlog
c:\Users\administrator\documents\visual studio 2012\Projects\SIMKB\SIMKB\Debug\link-cvtres.read.1.tlog
c:\Users\administrator\documents\visual studio 2012\Projects\SIMKB\SIMKB\Debug\link-cvtres.write.1.tlog
c:\Users\administrator\documents\visual studio 2012\Projects\SIMKB\SIMKB\Debug\link-rc.read.1.tlog
c:\Users\administrator\documents\visual studio 2012\Projects\SIMKB\SIMKB\Debug\link-rc.write.1.tlog
c:\Users\administrator\documents\visual studio 2012\Projects\SIMKB\SIMKB\Debug\link.command.1.tlog
c:\Users\administrator\documents\visual studio 2012\Projects\SIMKB\SIMKB\Debug\link.read.1.tlog
c:\Users\administrator\documents\visual studio 2012\Projects\SIMKB\SIMKB\Debug\link.write.1.tlog
c:\Users\administrator\documents\visual studio 2012\Projects\SIMKB\SIMKB\Debug\rc.command.1.tlog
c:\Users\administrator\documents\visual studio 2012\Projects\SIMKB\SIMKB\Debug\rc.read.1.tlog
c:\Users\administrator\documents\visual studio 2012\Projects\SIMKB\SIMKB\Debug\rc.write.1.tlog
c:\Users\administrator\documents\visual studio 2012\Projects\SIMKB\SIMKB\Debug\Resource.res
c:\Users\administrator\documents\visual studio 2012\Projects\SIMKB\SIMKB\Debug\vc110.idb
c:\Users\administrator\documents\visual studio 2012\Projects\SIMKB\SIMKB\Debug\vc110.pdb
c:\users\administrator\documents\visual studio 2012\Projects\SIMKB\Debug\SIMKB.pdb
c:\users\administrator\documents\visual studio 2012\Projects\SIMKB\Debug\SIMKB.exe
c:\users\administrator\documents\visual studio 2012\Projects\SIMKB\Debug\SIMKB.ilk
