C:\USERS\ADMINISTRATOR\DOCUMENTS\VISUAL STUDIO 2012\PROJECTS\SIMKB\SIMKB\RELEASE\SERVICEMAIN.OBJ
C:\USERS\ADMINISTRATOR\DOCUMENTS\VISUAL STUDIO 2012\PROJECTS\SIMKB\SIMKB\RELEASE\VC110.PDB
C:\USERS\ADMINISTRATOR\DOCUMENTS\VISUAL STUDIO 2012\PROJECTS\SIMKB\RELEASE\SIMKB.EXE
C:\USERS\ADMINISTRATOR\DOCUMENTS\VISUAL STUDIO 2012\PROJECTS\SIMKB\RELEASE\SIMKB.PDB
C:\USERS\ADMINISTRATOR\DOCUMENTS\VISUAL STUDIO 2012\PROJECTS\SIMKB\SIMKB\RELEASE\RESOURCE.RES
C:\Users\Administrator\documents\visual studio 2012\Projects\SIMKB\SIMKB\Release\ServiceMain.obj
C:\Users\Administrator\documents\visual studio 2012\Projects\SIMKB\SIMKB\Release\cl.command.1.tlog
C:\Users\Administrator\documents\visual studio 2012\Projects\SIMKB\SIMKB\Release\CL.read.1.tlog
C:\Users\Administrator\documents\visual studio 2012\Projects\SIMKB\SIMKB\Release\CL.write.1.tlog
C:\Users\Administrator\documents\visual studio 2012\Projects\SIMKB\SIMKB\Release\link-cvtres.read.1.tlog
C:\Users\Administrator\documents\visual studio 2012\Projects\SIMKB\SIMKB\Release\link-cvtres.write.1.tlog
C:\Users\Administrator\documents\visual studio 2012\Projects\SIMKB\SIMKB\Release\link.command.1.tlog
C:\Users\Administrator\documents\visual studio 2012\Projects\SIMKB\SIMKB\Release\link.read.1.tlog
C:\Users\Administrator\documents\visual studio 2012\Projects\SIMKB\SIMKB\Release\link.write.1.tlog
C:\Users\Administrator\documents\visual studio 2012\Projects\SIMKB\SIMKB\Release\rc.command.1.tlog
C:\Users\Administrator\documents\visual studio 2012\Projects\SIMKB\SIMKB\Release\rc.read.1.tlog
C:\Users\Administrator\documents\visual studio 2012\Projects\SIMKB\SIMKB\Release\rc.write.1.tlog
C:\Users\Administrator\documents\visual studio 2012\Projects\SIMKB\SIMKB\Release\Resource.res
C:\Users\Administrator\documents\visual studio 2012\Projects\SIMKB\SIMKB\Release\vc110.pdb
C:\Users\Administrator\documents\visual studio 2012\Projects\SIMKB\Release\SIMKB.pdb
C:\Users\Administrator\documents\visual studio 2012\Projects\SIMKB\Release\SIMKB.exe
